Release 14.1 Map P.15xf (lin64)
Xilinx Mapping Report File for Design 'ml505top'

Design Information
------------------
Command Line   : map -w -logic_opt off -ol high -t 1 -register_duplication off
-global_opt off -mt off -cm area -ir off -pr off -lc off -power off -p
xc5vlx110t-ff1136-1 -o ml505top_map.ncd ml505top.ngd ml505top.pcf 
Target Device  : xc5vlx110t
Target Package : ff1136
Target Speed   : -1
Mapper Version : virtex5 -- $Revision: 1.55 $
Mapped Date    : Wed Apr 17 05:02:12 2013

Design Summary
--------------
Number of errors:      0
Number of warnings:    9
Slice Logic Utilization:
  Number of Slice Registers:                   376 out of  69,120    1%
    Number used as Flip Flops:                 376
  Number of Slice LUTs:                        373 out of  69,120    1%
    Number used as logic:                      361 out of  69,120    1%
      Number using O6 output only:             256
      Number using O5 output only:              48
      Number using O5 and O6:                   57
    Number used as Memory:                       9 out of  17,920    1%
      Number used as Shift Register:             9
        Number using O6 output only:             9
    Number used as exclusive route-thru:         3
  Number of route-thrus:                        51
    Number using O6 output only:                51

Slice Logic Distribution:
  Number of occupied Slices:                   176 out of  17,280    1%
  Number of LUT Flip Flop pairs used:          486
    Number with an unused Flip Flop:           110 out of     486   22%
    Number with an unused LUT:                 113 out of     486   23%
    Number of fully used LUT-FF pairs:         263 out of     486   54%
    Number of unique control sets:              25
    Number of slice register sites lost
      to control set restrictions:              43 out of  69,120    1%

  A LUT Flip Flop pair for this architecture represents one LUT paired with
  one Flip Flop within a slice.  A control set is a unique combination of
  clock, reset, set, and enable signals for a registered element.
  The Slice Logic Distribution report is not meaningful if the design is
  over-mapped for a non-slice resource or if Placement fails.
  OVERMAPPING of BRAM resources should be ignored if the design is
  over-mapped for a non-BRAM resource or if placement fails.

IO Utilization:
  Number of bonded IOBs:                        30 out of     640    4%
    Number of LOCed IOBs:                       30 out of      30  100%
    IOB Flip Flops:                             14

Specific Feature Utilization:
  Number of BlockRAM/FIFO:                       2 out of     148    1%
    Number using BlockRAM only:                  2
    Total primitives used:
      Number of 36k BlockRAM used:               2
    Total Memory used (KB):                     72 out of   5,328    1%
  Number of BUFG/BUFGCTRLs:                      1 out of      32    3%
    Number used as BUFGs:                        1
  Number of PLL_ADVs:                            1 out of       6   16%

Average Fanout of Non-Clock Nets:                3.71

Peak Memory Usage:  1041 MB
Total REAL time to MAP completion:  1 mins 28 secs 
Total CPU time to MAP completion:   1 mins 27 secs 

Table of Contents
-----------------
Section 1 - Errors
Section 2 - Warnings
Section 3 - Informational
Section 4 - Removed Logic Summary
Section 5 - Removed Logic
Section 6 - IOB Properties
Section 7 - RPMs
Section 8 - Guide Report
Section 9 - Area Group and Partition Summary
Section 10 - Timing Report
Section 11 - Configuration String Information
Section 12 - Control Set Information
Section 13 - Utilization by Hierarchy

Section 1 - Errors
------------------

Section 2 - Warnings
--------------------
WARNING:Security:43 - No license file was found in the standard Xilinx license
directory.
WARNING:Security:44 - Since no license file was found,
WARNING:Security:42 - Your software subscription period has lapsed. Your current
version of Xilinx tools will continue to function, but you no longer qualify for
Xilinx software updates or new releases.
WARNING:Pack:2874 - Trimming timing constraints from pin
   pixelfeed/feeder_fifo/BU2/U0/gconvfifo.rf/grf.rf/mem/gbm.gbmg.gbmga.ngecc.bmg
   /blk_mem_generator/valid.cstr/ramloop[0].ram.r/v5_noinit.ram/SDP.SINGLE_PRIM3
   6.TDP
   of frag REGCLKAU connected to power/ground net
   pixelfeed/feeder_fifo/BU2/U0/gconvfifo.rf/grf.rf/mem/gbm.gbmg.gbmga.ngecc.bmg
   /blk_mem_generator/valid.cstr/ramloop[0].ram.r/v5_noinit.ram/SDP.SINGLE_PRIM3
   6.TDP_REGCLKAU_tiesig
WARNING:Pack:2874 - Trimming timing constraints from pin
   pixelfeed/feeder_fifo/BU2/U0/gconvfifo.rf/grf.rf/mem/gbm.gbmg.gbmga.ngecc.bmg
   /blk_mem_generator/valid.cstr/ramloop[0].ram.r/v5_noinit.ram/SDP.SINGLE_PRIM3
   6.TDP
   of frag REGCLKAL connected to power/ground net
   pixelfeed/feeder_fifo/BU2/U0/gconvfifo.rf/grf.rf/mem/gbm.gbmg.gbmga.ngecc.bmg
   /blk_mem_generator/valid.cstr/ramloop[0].ram.r/v5_noinit.ram/SDP.SINGLE_PRIM3
   6.TDP_REGCLKAL_tiesig
WARNING:Pack:2874 - Trimming timing constraints from pin
   pixelfeed/feeder_fifo/BU2/U0/gconvfifo.rf/grf.rf/mem/gbm.gbmg.gbmga.ngecc.bmg
   /blk_mem_generator/valid.cstr/ramloop[0].ram.r/v5_noinit.ram/SDP.SINGLE_PRIM3
   6.TDP
   of frag REGCLKBU connected to power/ground net
   pixelfeed/feeder_fifo/BU2/U0/gconvfifo.rf/grf.rf/mem/gbm.gbmg.gbmga.ngecc.bmg
   /blk_mem_generator/valid.cstr/ramloop[0].ram.r/v5_noinit.ram/SDP.SINGLE_PRIM3
   6.TDP_REGCLKBU_tiesig
WARNING:Pack:2874 - Trimming timing constraints from pin
   pixelfeed/feeder_fifo/BU2/U0/gconvfifo.rf/grf.rf/mem/gbm.gbmg.gbmga.ngecc.bmg
   /blk_mem_generator/valid.cstr/ramloop[0].ram.r/v5_noinit.ram/SDP.SINGLE_PRIM3
   6.TDP
   of frag REGCLKBL connected to power/ground net
   pixelfeed/feeder_fifo/BU2/U0/gconvfifo.rf/grf.rf/mem/gbm.gbmg.gbmga.ngecc.bmg
   /blk_mem_generator/valid.cstr/ramloop[0].ram.r/v5_noinit.ram/SDP.SINGLE_PRIM3
   6.TDP_REGCLKBL_tiesig
WARNING:Pack:2874 - Trimming timing constraints from pin
   pixelfeed/feeder_fifo/BU2/U0/gconvfifo.rf/grf.rf/mem/gbm.gbmg.gbmga.ngecc.bmg
   /blk_mem_generator/valid.cstr/ramloop[1].ram.r/v5_noinit.ram/SDP.SINGLE_PRIM3
   6.TDP
   of frag REGCLKAU connected to power/ground net
   pixelfeed/feeder_fifo/BU2/U0/gconvfifo.rf/grf.rf/mem/gbm.gbmg.gbmga.ngecc.bmg
   /blk_mem_generator/valid.cstr/ramloop[1].ram.r/v5_noinit.ram/SDP.SINGLE_PRIM3
   6.TDP_REGCLKAU_tiesig
WARNING:Pack:2874 - Trimming timing constraints from pin
   pixelfeed/feeder_fifo/BU2/U0/gconvfifo.rf/grf.rf/mem/gbm.gbmg.gbmga.ngecc.bmg
   /blk_mem_generator/valid.cstr/ramloop[1].ram.r/v5_noinit.ram/SDP.SINGLE_PRIM3
   6.TDP
   of frag REGCLKAL connected to power/ground net
   pixelfeed/feeder_fifo/BU2/U0/gconvfifo.rf/grf.rf/mem/gbm.gbmg.gbmga.ngecc.bmg
   /blk_mem_generator/valid.cstr/ramloop[1].ram.r/v5_noinit.ram/SDP.SINGLE_PRIM3
   6.TDP_REGCLKAL_tiesig
WARNING:Pack:2874 - Trimming timing constraints from pin
   pixelfeed/feeder_fifo/BU2/U0/gconvfifo.rf/grf.rf/mem/gbm.gbmg.gbmga.ngecc.bmg
   /blk_mem_generator/valid.cstr/ramloop[1].ram.r/v5_noinit.ram/SDP.SINGLE_PRIM3
   6.TDP
   of frag REGCLKBU connected to power/ground net
   pixelfeed/feeder_fifo/BU2/U0/gconvfifo.rf/grf.rf/mem/gbm.gbmg.gbmga.ngecc.bmg
   /blk_mem_generator/valid.cstr/ramloop[1].ram.r/v5_noinit.ram/SDP.SINGLE_PRIM3
   6.TDP_REGCLKBU_tiesig
WARNING:Pack:2874 - Trimming timing constraints from pin
   pixelfeed/feeder_fifo/BU2/U0/gconvfifo.rf/grf.rf/mem/gbm.gbmg.gbmga.ngecc.bmg
   /blk_mem_generator/valid.cstr/ramloop[1].ram.r/v5_noinit.ram/SDP.SINGLE_PRIM3
   6.TDP
   of frag REGCLKBL connected to power/ground net
   pixelfeed/feeder_fifo/BU2/U0/gconvfifo.rf/grf.rf/mem/gbm.gbmg.gbmga.ngecc.bmg
   /blk_mem_generator/valid.cstr/ramloop[1].ram.r/v5_noinit.ram/SDP.SINGLE_PRIM3
   6.TDP_REGCLKBL_tiesig
WARNING:Place:838 - An IO Bus with more than one IO standard is found.
   Components associated with this bus are as follows: 
   	 Comp: GPIO_LED<0>   IOSTANDARD = LVCMOS25
   	 Comp: GPIO_LED<1>   IOSTANDARD = LVCMOS25
   	 Comp: GPIO_LED<2>   IOSTANDARD = LVCMOS25
   	 Comp: GPIO_LED<3>   IOSTANDARD = SSTL18_II_DCI
   	 Comp: GPIO_LED<4>   IOSTANDARD = LVCMOS25
   	 Comp: GPIO_LED<5>   IOSTANDARD = SSTL18_II_DCI
   	 Comp: GPIO_LED<6>   IOSTANDARD = SSTL18_II_DCI
   	 Comp: GPIO_LED<7>   IOSTANDARD = SSTL18_II_DCI



Section 3 - Informational
-------------------------
INFO:Security:50 - The XILINXD_LICENSE_FILE environment variable is set to
'2100@license-srv.eecs.berkeley.edu'.
INFO:Security:53 - The LM_LICENSE_FILE environment variable is not set.
INFO:Security:56 - Part 'xc5vlx110t' is not a WebPack part.
INFO:LIT:243 - Logical network GPIO_SW_S has no load.
INFO:LIT:395 - The above info message is repeated 4 more times for the following
   (max. 5 shown):
   pixelfeed/feeder_fifo/full,
   pixelfeed/feeder_fifo/BU2/U0/gconvfifo.rf/grf.rf/gcx.clkx/rd_pntr_gc_asreg[2]
   ,
   pixelfeed/feeder_fifo/BU2/U0/gconvfifo.rf/grf.rf/gcx.clkx/rd_pntr_gc_asreg[1]
   ,
   pixelfeed/feeder_fifo/BU2/U0/gconvfifo.rf/grf.rf/gcx.clkx/rd_pntr_gc_asreg[0]
   To see the details of these info messages, please use the -detail switch.
INFO:MapLib:562 - No environment variables are currently set.
INFO:MapLib:841 - Changing COMPENSATION attribute from SYSTEM_SYNCHRONOUS to
   INTERNAL for PLL_ADV user_clk_pll.
INFO:LIT:244 - All of the single ended outputs in this design are using slew
   rate limited output drivers. The delay on speed critical single ended outputs
   can be dramatically reduced by designating them as fast outputs.
INFO:Pack:1716 - Initializing temperature to 85.000 Celsius. (default - Range:
   0.000 to 85.000 Celsius)
INFO:Pack:1720 - Initializing voltage to 0.950 Volts. (default - Range: 0.950 to
   1.050 Volts)
INFO:Map:215 - The Interim Design Summary has been generated in the MAP Report
   (.mrp).
INFO:Pack:1650 - Map created a placed design.

Section 4 - Removed Logic Summary
---------------------------------
  17 block(s) removed
   4 block(s) optimized away
  15 signal(s) removed

Section 5 - Removed Logic
-------------------------

The trimmed logic report below shows the logic removed from your design due to
sourceless or loadless signals, and VCC or ground connections.  If the removal
of a signal or symbol results in the subsequent removal of an additional signal
or symbol, the message explaining that second removal will be indented.  This
indentation will be repeated as a chain of related logic is removed.

To quickly locate the original cause for the removal of a chain of logic, look
above the place where that logic is listed in the trimming report, then locate
the lines that are least indented (begin at the leftmost edge).

Loadless block "clk0_buf" (CKBUF) removed.
 The signal "clk0" is loadless and has been removed.
Loadless block "clk200_buf" (CKBUF) removed.
 The signal "clk200" is loadless and has been removed.
Loadless block "clk90_buf" (CKBUF) removed.
 The signal "clk90" is loadless and has been removed.
Loadless block "clkdiv0_buf" (CKBUF) removed.
 The signal "clkdiv0" is loadless and has been removed.
Loadless block "clkdiv50_buf" (CKBUF) removed.
 The signal "clk50" is loadless and has been removed.
The signal "pixelfeed/feeder_fifo/full" is sourceless and has been removed.
The signal
"pixelfeed/feeder_fifo/BU2/U0/gconvfifo.rf/grf.rf/gcx.clkx/rd_pntr_gc[2]" is
sourceless and has been removed.
 Sourceless block
"pixelfeed/feeder_fifo/BU2/U0/gconvfifo.rf/grf.rf/gcx.clkx/rd_pntr_gc_asreg_2"
(FF) removed.
  The signal
"pixelfeed/feeder_fifo/BU2/U0/gconvfifo.rf/grf.rf/gcx.clkx/rd_pntr_gc_asreg[2]"
is sourceless and has been removed.
The signal
"pixelfeed/feeder_fifo/BU2/U0/gconvfifo.rf/grf.rf/gcx.clkx/rd_pntr_gc[1]" is
sourceless and has been removed.
 Sourceless block
"pixelfeed/feeder_fifo/BU2/U0/gconvfifo.rf/grf.rf/gcx.clkx/rd_pntr_gc_asreg_1"
(FF) removed.
  The signal
"pixelfeed/feeder_fifo/BU2/U0/gconvfifo.rf/grf.rf/gcx.clkx/rd_pntr_gc_asreg[1]"
is sourceless and has been removed.
The signal
"pixelfeed/feeder_fifo/BU2/U0/gconvfifo.rf/grf.rf/gcx.clkx/rd_pntr_gc[0]" is
sourceless and has been removed.
 Sourceless block
"pixelfeed/feeder_fifo/BU2/U0/gconvfifo.rf/grf.rf/gcx.clkx/rd_pntr_gc_asreg_0"
(FF) removed.
  The signal
"pixelfeed/feeder_fifo/BU2/U0/gconvfifo.rf/grf.rf/gcx.clkx/rd_pntr_gc_asreg[0]"
is sourceless and has been removed.
The signal
"pixelfeed/feeder_fifo/BU2/U0/gconvfifo.rf/grf.rf/gcx.clkx/rd_pntr_gc_xor0010"
is sourceless and has been removed.
 Sourceless block
"pixelfeed/feeder_fifo/BU2/U0/gconvfifo.rf/grf.rf/gcx.clkx/rd_pntr_gc_2" (FF)
removed.
The signal
"pixelfeed/feeder_fifo/BU2/U0/gconvfifo.rf/grf.rf/gcx.clkx/rd_pntr_gc_xor0011"
is sourceless and has been removed.
 Sourceless block
"pixelfeed/feeder_fifo/BU2/U0/gconvfifo.rf/grf.rf/gcx.clkx/rd_pntr_gc_1" (FF)
removed.
The signal
"pixelfeed/feeder_fifo/BU2/U0/gconvfifo.rf/grf.rf/gcx.clkx/rd_pntr_gc_xor0012"
is sourceless and has been removed.
 Sourceless block
"pixelfeed/feeder_fifo/BU2/U0/gconvfifo.rf/grf.rf/gcx.clkx/rd_pntr_gc_0" (FF)
removed.
Unused block
"pixelfeed/feeder_fifo/BU2/U0/gconvfifo.rf/grf.rf/gcx.clkx/Mxor_rd_pntr_gc_xor00
10_Result1" (ROM) removed.
Unused block
"pixelfeed/feeder_fifo/BU2/U0/gconvfifo.rf/grf.rf/gcx.clkx/Mxor_rd_pntr_gc_xor00
11_Result1" (ROM) removed.
Unused block
"pixelfeed/feeder_fifo/BU2/U0/gconvfifo.rf/grf.rf/gcx.clkx/Mxor_rd_pntr_gc_xor00
12_Result1" (ROM) removed.
Unused block
"pixelfeed/feeder_fifo/BU2/U0/gconvfifo.rf/grf.rf/gl0.wr/gwas.wsts/ram_full_i"
(FF) removed.
Unused block "pixelfeed/feeder_fifo/GND" (ZERO) removed.
Unused block "pixelfeed/feeder_fifo/VCC" (ONE) removed.

Optimized Block(s):
TYPE 		BLOCK
GND 		XST_GND
VCC 		XST_VCC
GND 		pixelfeed/feeder_fifo/BU2/XST_GND
VCC 		pixelfeed/feeder_fifo/BU2/XST_VCC

To enable printing of redundant blocks removed and signals merged, set the
detailed map report option and rerun map.

Section 6 - IOB Properties
--------------------------

+---------------------------------------------------------------------------------------------------------------------------------------------------------+
| IOB Name                           | Type             | Direction | IO Standard          | Diff  | Drive    | Slew | Reg (s)      | Resistor | IOB      |
|                                    |                  |           |                      | Term  | Strength | Rate |              |          | Delay    |
+---------------------------------------------------------------------------------------------------------------------------------------------------------+
| DVI_D<0>                           | IOB              | OUTPUT    | LVCMOS33             |       | 12       | SLOW | ODDR         |          |          |
| DVI_D<1>                           | IOB              | OUTPUT    | LVCMOS33             |       | 12       | SLOW | ODDR         |          |          |
| DVI_D<2>                           | IOB              | OUTPUT    | LVCMOS33             |       | 12       | SLOW | ODDR         |          |          |
| DVI_D<3>                           | IOB              | OUTPUT    | LVCMOS33             |       | 12       | SLOW | ODDR         |          |          |
| DVI_D<4>                           | IOB              | OUTPUT    | LVCMOS33             |       | 12       | SLOW | ODDR         |          |          |
| DVI_D<5>                           | IOB              | OUTPUT    | LVCMOS33             |       | 12       | SLOW | ODDR         |          |          |
| DVI_D<6>                           | IOB              | OUTPUT    | LVCMOS33             |       | 12       | SLOW | ODDR         |          |          |
| DVI_D<7>                           | IOB              | OUTPUT    | LVCMOS33             |       | 12       | SLOW | ODDR         |          |          |
| DVI_D<8>                           | IOB              | OUTPUT    | LVCMOS33             |       | 12       | SLOW | ODDR         |          |          |
| DVI_D<9>                           | IOB              | OUTPUT    | LVCMOS33             |       | 12       | SLOW | ODDR         |          |          |
| DVI_D<10>                          | IOB              | OUTPUT    | LVCMOS33             |       | 12       | SLOW | ODDR         |          |          |
| DVI_D<11>                          | IOB              | OUTPUT    | LVCMOS33             |       | 12       | SLOW | ODDR         |          |          |
| DVI_DE                             | IOB              | OUTPUT    | LVCMOS33             |       | 12       | SLOW |              |          |          |
| DVI_H                              | IOB              | OUTPUT    | LVCMOS33             |       | 12       | SLOW |              |          |          |
| DVI_RESET_B                        | IOB              | OUTPUT    | LVCMOS33             |       | 12       | SLOW |              |          |          |
| DVI_V                              | IOB              | OUTPUT    | LVCMOS33             |       | 12       | SLOW |              |          |          |
| DVI_XCLK_N                         | IOB              | OUTPUT    | LVCMOS33             |       | 12       | SLOW | ODDR         |          |          |
| DVI_XCLK_P                         | IOB              | OUTPUT    | LVCMOS33             |       | 12       | SLOW | ODDR         |          |          |
| GPIO_LED<0>                        | IOB              | OUTPUT    | LVCMOS25             |       | 12       | SLOW |              |          |          |
| GPIO_LED<1>                        | IOB              | OUTPUT    | LVCMOS25             |       | 12       | SLOW |              |          |          |
| GPIO_LED<2>                        | IOB              | OUTPUT    | LVCMOS25             |       | 12       | SLOW |              |          |          |
| GPIO_LED<3>                        | IOB              | OUTPUT    | SSTL18_II_DCI        |       |          |      |              |          |          |
| GPIO_LED<4>                        | IOB              | OUTPUT    | LVCMOS25             |       | 12       | SLOW |              |          |          |
| GPIO_LED<5>                        | IOB              | OUTPUT    | SSTL18_II_DCI        |       |          |      |              |          |          |
| GPIO_LED<6>                        | IOB              | OUTPUT    | SSTL18_II_DCI        |       |          |      |              |          |          |
| GPIO_LED<7>                        | IOB              | OUTPUT    | SSTL18_II_DCI        |       |          |      |              |          |          |
| GPIO_SW_C                          | IOB              | INPUT     | LVCMOS33             |       |          |      |              |          |          |
| IIC_SCL_VIDEO                      | IOB              | OUTPUT    | LVCMOS18             |       | 12       | SLOW |              | PULLUP   |          |
| IIC_SDA_VIDEO                      | IOB              | BIDIR     | LVCMOS18             |       | 12       | SLOW |              | PULLUP   |          |
| USER_CLK                           | IOB              | INPUT     | LVCMOS33             |       |          |      |              |          |          |
+---------------------------------------------------------------------------------------------------------------------------------------------------------+

Section 7 - RPMs
----------------

Section 8 - Guide Report
------------------------
Guide not run on this design.

Section 9 - Area Group and Partition Summary
--------------------------------------------

Partition Implementation Status
-------------------------------

  No Partitions were found in this design.

-------------------------------

Area Group Information
----------------------

  No area groups were found in this design.

----------------------

Section 10 - Timing Report
--------------------------
A logic-level (pre-route) timing report can be generated by using Xilinx static
timing analysis tools, Timing Analyzer (GUI) or TRCE (command line), with the
mapped NCD and PCF files. Please note that this timing report will be generated
using estimated delay information. For accurate numbers, please generate a
timing report with the post Place and Route NCD file.

For more information about the Timing Analyzer, consult the Xilinx Timing
Analyzer Reference Manual; for more information about TRCE, consult the Xilinx
Command Line Tools User Guide "TRACE" chapter.

Section 11 - Configuration String Details
-----------------------------------------
Use the "-detail" map option to print out Configuration Strings

Section 12 - Control Set Information
------------------------------------
Use the "-detail" map option to print out Control Set Information.

Section 13 - Utilization by Hierarchy
-------------------------------------
Use the "-detail" map option to print out the Utilization by Hierarchy section.
